+ exec gosu vibecode scripts/studio
Installing dependencies and generating Prisma client...
[0.50ms] ".env"
bun install v1.2.19 (aad3abea)

$ prisma generate
Environment variables loaded from .env
Prisma schema loaded from prisma/schema.prisma
┌─────────────────────────────────────────────────────────┐
│  Update available 6.17.1 -> 7.3.0                       │
│                                                         │
│  This is a major update - please follow the guide at    │
│  https://pris.ly/d/major-version-upgrade                │
│                                                         │
│  Run the following to update                            │
│    npm i --save-dev prisma@latest                       │
│    npm i @prisma/client@latest                          │
└─────────────────────────────────────────────────────────┘

✔ Generated Prisma Client (v6.17.1) to ./generated/prisma in 160ms

Start by importing your Prisma Client (See: https://pris.ly/d/importing-client)

Tip: Interested in query caching in just a few lines of code? Try Accelerate today! https://pris.ly/tip-3-accelerate


+ @types/bun@1.2.23
+ prisma@6.17.1
+ @better-auth/expo@1.4.7
+ @hono/node-server@1.12.0
+ @hono/zod-validator@0.7.3
+ @prisma/adapter-better-sqlite3@6.17.1
+ @prisma/client@6.17.1
+ @vibecodeapp/cloud-studio@0.1.6
+ better-auth@1.4.7
+ hono@4.6.0
+ zod@4.1.11
+ typescript@5.8.3

156 packages installed [6.02s]
scripts/studio: line 6: ependencies: command not found
+ exec gosu vibecode scripts/studio
Starting in development mode...
Installing dependencies...
[0.04ms] ".env"
bun install v1.2.19 (aad3abea)

$ prisma generate
Environment variables loaded from .env
Prisma schema loaded from prisma/schema.prisma

✔ Generated Prisma Client (v6.17.1) to ./generated/prisma in 1.82s

Start by importing your Prisma Client (See: https://pris.ly/d/importing-client)

Tip: Want to turn off tips and other hints? https://pris.ly/tip-4-nohints


Checked 158 installs across 157 packages (no changes) [7.49s]
Starting Cloud Studio...
Cloud Studio starting on http://0.0.0.0:3001
Cloud Studio is running at http://0.0.0.0:3001
Prisma Client connected
+ exec gosu vibecode scripts/studio
Starting in development mode...
Installing dependencies...
[0.03ms] ".env"
bun install v1.2.19 (aad3abea)

$ prisma generate
Environment variables loaded from .env
Prisma schema loaded from prisma/schema.prisma

✔ Generated Prisma Client (v6.17.1) to ./generated/prisma in 373ms

Start by importing your Prisma Client (See: https://pris.ly/d/importing-client)

Tip: Want to turn off tips and other hints? https://pris.ly/tip-4-nohints


Checked 160 installs across 159 packages (no changes) [2.38s]
Starting Cloud Studio...
Cloud Studio starting on http://0.0.0.0:3001
Cloud Studio is running at http://0.0.0.0:3001
Prisma Client not available: @prisma/client did not initialize yet. Please run "prisma generate" and try to import it again.
The UI will display setup instructions.
+ exec gosu vibecode scripts/studio
Starting in development mode...
Installing dependencies...
[0.04ms] ".env"
bun install v1.2.19 (aad3abea)

$ prisma generate
Environment variables loaded from .env
Prisma schema loaded from prisma/schema.prisma

✔ Generated Prisma Client (v6.17.1) to ./generated/prisma in 375ms

Start by importing your Prisma Client (See: https://pris.ly/d/importing-client)

Tip: Interested in query caching in just a few lines of code? Try Accelerate today! https://pris.ly/tip-3-accelerate


Checked 160 installs across 159 packages (no changes) [2.54s]
Starting Cloud Studio...
Cloud Studio starting on http://0.0.0.0:3001
Cloud Studio is running at http://0.0.0.0:3001
Prisma Client connected
+ exec gosu vibecode scripts/studio
Starting in development mode...
Installing dependencies...
[0.03ms] ".env"
bun install v1.2.19 (aad3abea)

$ prisma generate
Environment variables loaded from .env
Prisma schema loaded from prisma/schema.prisma

✔ Generated Prisma Client (v6.17.1) to ./generated/prisma in 347ms

Start by importing your Prisma Client (See: https://pris.ly/d/importing-client)

Tip: Want to turn off tips and other hints? https://pris.ly/tip-4-nohints


Checked 160 installs across 159 packages (no changes) [2.68s]
Starting Cloud Studio...
Cloud Studio starting on http://0.0.0.0:3001
Cloud Studio is running at http://0.0.0.0:3001
Prisma Client connected
+ exec gosu vibecode scripts/studio
Starting in development mode...
Installing dependencies...
[0.04ms] ".env"
bun install v1.2.19 (aad3abea)

$ prisma generate
Environment variables loaded from .env
Prisma schema loaded from prisma/schema.prisma
┌─────────────────────────────────────────────────────────┐
│  Update available 6.17.1 -> 7.3.0                       │
│                                                         │
│  This is a major update - please follow the guide at    │
│  https://pris.ly/d/major-version-upgrade                │
│                                                         │
│  Run the following to update                            │
│    npm i --save-dev prisma@latest                       │
│    npm i @prisma/client@latest                          │
└─────────────────────────────────────────────────────────┘

✔ Generated Prisma Client (v6.17.1) to ./generated/prisma in 158ms

Start by importing your Prisma Client (See: https://pris.ly/d/importing-client)

Tip: Need your database queries to be 1000x faster? Accelerate offers you that and more: https://pris.ly/tip-2-accelerate


+ @types/bun@1.2.23
+ prisma@6.17.1
+ @better-auth/expo@1.4.7
+ @hono/node-server@1.12.0
+ @hono/zod-validator@0.7.3
+ @prisma/adapter-better-sqlite3@6.17.1
+ @prisma/client@6.17.1
+ @vibecodeapp/backend-sdk@1.0.1
+ @vibecodeapp/cloud-studio@0.2.4
+ @vibecodeapp/proxy@2.0.3
+ better-auth@1.4.7
+ hono@4.6.0
+ zod@4.1.11
+ typescript@5.8.3

158 packages installed [6.97s]
Starting Cloud Studio...
Cloud Studio starting on http://0.0.0.0:3001
Cloud Studio is running at http://0.0.0.0:3001
Prisma Client connected
+ exec gosu vibecode scripts/studio
Starting in development mode...
Installing dependencies...
[0.03ms] ".env"
bun install v1.2.19 (aad3abea)

$ prisma generate
Environment variables loaded from .env
Prisma schema loaded from prisma/schema.prisma

✔ Generated Prisma Client (v6.17.1) to ./generated/prisma in 566ms

Start by importing your Prisma Client (See: https://pris.ly/d/importing-client)

Tip: Want to turn off tips and other hints? https://pris.ly/tip-4-nohints


Checked 160 installs across 159 packages (no changes) [2.72s]
Starting Cloud Studio...
Cloud Studio starting on http://0.0.0.0:3001
Cloud Studio is running at http://0.0.0.0:3001
Prisma Client connected
+ exec gosu vibecode scripts/studio
Starting in development mode...
Installing dependencies...
[0.04ms] ".env"
bun install v1.2.19 (aad3abea)

$ prisma generate
Environment variables loaded from .env
Prisma schema loaded from prisma/schema.prisma
┌─────────────────────────────────────────────────────────┐
│  Update available 6.17.1 -> 7.8.0                       │
│                                                         │
│  This is a major update - please follow the guide at    │
│  https://pris.ly/d/major-version-upgrade                │
│                                                         │
│  Run the following to update                            │
│    npm i --save-dev prisma@latest                       │
│    npm i @prisma/client@latest                          │
└─────────────────────────────────────────────────────────┘

✔ Generated Prisma Client (v6.17.1) to ./generated/prisma in 151ms

Start by importing your Prisma Client (See: https://pris.ly/d/importing-client)

Tip: Interested in query caching in just a few lines of code? Try Accelerate today! https://pris.ly/tip-3-accelerate


+ @types/bun@1.2.23
+ prisma@6.17.1
+ @better-auth/expo@1.4.7
+ @hono/node-server@1.12.0
+ @hono/zod-validator@0.7.3
+ @prisma/adapter-better-sqlite3@6.17.1
+ @prisma/client@6.17.1
+ @vibecodeapp/backend-sdk@1.0.1
+ @vibecodeapp/cloud-studio@0.2.4
+ @vibecodeapp/proxy@2.0.3
+ better-auth@1.4.7
+ hono@4.6.0
+ zod@4.1.11
+ typescript@5.8.3

158 packages installed [5.97s]
Starting Cloud Studio...
Cloud Studio starting on http://0.0.0.0:3001
Cloud Studio is running at http://0.0.0.0:3001
Prisma Client connected
+ exec gosu vibecode scripts/studio
Starting in development mode...
Installing dependencies...
[0.04ms] ".env"
bun install v1.2.19 (aad3abea)

$ prisma generate
Environment variables loaded from .env
Prisma schema loaded from prisma/schema.prisma

✔ Generated Prisma Client (v6.17.1) to ./generated/prisma in 565ms

Start by importing your Prisma Client (See: https://pris.ly/d/importing-client)

Tip: Need your database queries to be 1000x faster? Accelerate offers you that and more: https://pris.ly/tip-2-accelerate


Checked 160 installs across 159 packages (no changes) [3.60s]
Starting Cloud Studio...
Cloud Studio starting on http://0.0.0.0:3001
Cloud Studio is running at http://0.0.0.0:3001
Prisma Client connected
+ exec gosu vibecode scripts/studio
Starting in development mode...
Installing dependencies...
[0.05ms] ".env"
bun install v1.2.19 (aad3abea)

$ prisma generate
Environment variables loaded from .env
Prisma schema loaded from prisma/schema.prisma
┌─────────────────────────────────────────────────────────┐
│  Update available 6.17.1 -> 7.8.0                       │
│                                                         │
│  This is a major update - please follow the guide at    │
│  https://pris.ly/d/major-version-upgrade                │
│                                                         │
│  Run the following to update                            │
│    npm i --save-dev prisma@latest                       │
│    npm i @prisma/client@latest                          │
└─────────────────────────────────────────────────────────┘

✔ Generated Prisma Client (v6.17.1) to ./generated/prisma in 146ms

Start by importing your Prisma Client (See: https://pris.ly/d/importing-client)

Tip: Want to turn off tips and other hints? https://pris.ly/tip-4-nohints


+ @types/bun@1.2.23
+ prisma@6.17.1
+ @better-auth/expo@1.4.7
+ @hono/node-server@1.12.0
+ @hono/zod-validator@0.7.3
+ @prisma/adapter-better-sqlite3@6.17.1
+ @prisma/client@6.17.1
+ @vibecodeapp/backend-sdk@1.0.1
+ @vibecodeapp/cloud-studio@0.2.4
+ @vibecodeapp/proxy@2.0.3
+ better-auth@1.4.7
+ hono@4.6.0
+ zod@4.1.11
+ typescript@5.8.3

158 packages installed [6.41s]
Starting Cloud Studio...
Cloud Studio starting on http://0.0.0.0:3001
Cloud Studio is running at http://0.0.0.0:3001
Prisma Client connected
+ exec gosu vibecode scripts/studio
Starting in development mode...
Installing dependencies...
[0.04ms] ".env"
bun install v1.2.19 (aad3abea)

$ prisma generate
Environment variables loaded from .env
Prisma schema loaded from prisma/schema.prisma

✔ Generated Prisma Client (v6.17.1) to ./generated/prisma in 193ms

Start by importing your Prisma Client (See: https://pris.ly/d/importing-client)

Tip: Want to turn off tips and other hints? https://pris.ly/tip-4-nohints


Checked 160 installs across 159 packages (no changes) [2.45s]
Starting Cloud Studio...
Cloud Studio starting on http://0.0.0.0:3001
Cloud Studio is running at http://0.0.0.0:3001
Prisma Client connected
+ exec gosu vibecode scripts/studio
Starting in development mode...
Installing dependencies...
[0.04ms] ".env"
bun install v1.2.19 (aad3abea)

$ prisma generate
Environment variables loaded from .env
Prisma schema loaded from prisma/schema.prisma

✔ Generated Prisma Client (v6.17.1) to ./generated/prisma in 204ms

Start by importing your Prisma Client (See: https://pris.ly/d/importing-client)

Tip: Need your database queries to be 1000x faster? Accelerate offers you that and more: https://pris.ly/tip-2-accelerate


Checked 160 installs across 159 packages (no changes) [1.94s]
Starting Cloud Studio...
Cloud Studio starting on http://0.0.0.0:3001
Cloud Studio is running at http://0.0.0.0:3001
Prisma Client connected
+ exec gosu vibecode scripts/studio
Starting in development mode...
Installing dependencies...
[0.05ms] ".env"
bun install v1.2.19 (aad3abea)

$ prisma generate
Environment variables loaded from .env
Prisma schema loaded from prisma/schema.prisma
┌─────────────────────────────────────────────────────────┐
│  Update available 6.17.1 -> 7.8.0                       │
│                                                         │
│  This is a major update - please follow the guide at    │
│  https://pris.ly/d/major-version-upgrade                │
│                                                         │
│  Run the following to update                            │
│    npm i --save-dev prisma@latest                       │
│    npm i @prisma/client@latest                          │
└─────────────────────────────────────────────────────────┘

✔ Generated Prisma Client (v6.17.1) to ./generated/prisma in 146ms

Start by importing your Prisma Client (See: https://pris.ly/d/importing-client)

Tip: Want to turn off tips and other hints? https://pris.ly/tip-4-nohints


+ @types/bun@1.2.23
+ prisma@6.17.1
+ @better-auth/expo@1.4.7
+ @hono/node-server@1.12.0
+ @hono/zod-validator@0.7.3
+ @prisma/adapter-better-sqlite3@6.17.1
+ @prisma/client@6.17.1
+ @vibecodeapp/backend-sdk@1.0.1
+ @vibecodeapp/cloud-studio@0.2.4
+ @vibecodeapp/proxy@2.0.3
+ better-auth@1.4.7
+ hono@4.6.0
+ zod@4.1.11
+ typescript@5.8.3

158 packages installed [6.28s]
Starting Cloud Studio...
Cloud Studio starting on http://0.0.0.0:3001
Cloud Studio is running at http://0.0.0.0:3001
Prisma Client connected
+ exec gosu vibecode scripts/studio
Starting in development mode...
Installing dependencies...
[0.04ms] ".env"
bun install v1.2.19 (aad3abea)

$ prisma generate
Environment variables loaded from .env
Prisma schema loaded from prisma/schema.prisma

✔ Generated Prisma Client (v6.17.1) to ./generated/prisma in 292ms

Start by importing your Prisma Client (See: https://pris.ly/d/importing-client)

Tip: Need your database queries to be 1000x faster? Accelerate offers you that and more: https://pris.ly/tip-2-accelerate


Checked 160 installs across 159 packages (no changes) [2.51s]
Starting Cloud Studio...
Cloud Studio starting on http://0.0.0.0:3001
Cloud Studio is running at http://0.0.0.0:3001
Prisma Client connected
+ exec gosu vibecode scripts/studio
Starting in development mode...
Installing dependencies...
[0.04ms] ".env"
bun install v1.2.19 (aad3abea)

$ prisma generate
Environment variables loaded from .env
Prisma schema loaded from prisma/schema.prisma

✔ Generated Prisma Client (v6.17.1) to ./generated/prisma in 276ms

Start by importing your Prisma Client (See: https://pris.ly/d/importing-client)

Tip: Need your database queries to be 1000x faster? Accelerate offers you that and more: https://pris.ly/tip-2-accelerate


Checked 160 installs across 159 packages (no changes) [2.64s]
Starting Cloud Studio...
Cloud Studio starting on http://0.0.0.0:3001
Cloud Studio is running at http://0.0.0.0:3001
Prisma Client connected
+ exec gosu vibecode scripts/studio
Starting in development mode...
Installing dependencies...
[0.04ms] ".env"
bun install v1.2.19 (aad3abea)

$ prisma generate
Environment variables loaded from .env
Prisma schema loaded from prisma/schema.prisma

✔ Generated Prisma Client (v6.17.1) to ./generated/prisma in 208ms

Start by importing your Prisma Client (See: https://pris.ly/d/importing-client)

Tip: Need your database queries to be 1000x faster? Accelerate offers you that and more: https://pris.ly/tip-2-accelerate


Checked 160 installs across 159 packages (no changes) [2.48s]
Starting Cloud Studio...
Cloud Studio starting on http://0.0.0.0:3001
Cloud Studio is running at http://0.0.0.0:3001
Prisma Client connected
+ exec gosu vibecode scripts/studio
Starting in development mode...
Installing dependencies...
[0.04ms] ".env"
bun install v1.2.19 (aad3abea)

$ prisma generate
Environment variables loaded from .env
Prisma schema loaded from prisma/schema.prisma

✔ Generated Prisma Client (v6.17.1) to ./generated/prisma in 235ms

Start by importing your Prisma Client (See: https://pris.ly/d/importing-client)

Tip: Want to turn off tips and other hints? https://pris.ly/tip-4-nohints


Checked 160 installs across 159 packages (no changes) [2.43s]
Starting Cloud Studio...
Cloud Studio starting on http://0.0.0.0:3001
Cloud Studio is running at http://0.0.0.0:3001
Prisma Client connected
+ exec gosu vibecode scripts/studio
Starting in development mode...
Installing dependencies...
[0.09ms] ".env"
bun install v1.2.19 (aad3abea)

$ prisma generate
Environment variables loaded from .env
Prisma schema loaded from prisma/schema.prisma

✔ Generated Prisma Client (v6.17.1) to ./generated/prisma in 310ms

Start by importing your Prisma Client (See: https://pris.ly/d/importing-client)

Tip: Interested in query caching in just a few lines of code? Try Accelerate today! https://pris.ly/tip-3-accelerate


Checked 160 installs across 159 packages (no changes) [2.60s]
Starting Cloud Studio...
Cloud Studio starting on http://0.0.0.0:3001
Cloud Studio is running at http://0.0.0.0:3001
Prisma Client connected
+ exec gosu vibecode scripts/studio
Starting in development mode...
Installing dependencies...
[2.68ms] ".env"
bun install v1.2.19 (aad3abea)

$ prisma generate
Environment variables loaded from .env
Prisma schema loaded from prisma/schema.prisma

✔ Generated Prisma Client (v6.17.1) to ./generated/prisma in 203ms

Start by importing your Prisma Client (See: https://pris.ly/d/importing-client)

Tip: Need your database queries to be 1000x faster? Accelerate offers you that and more: https://pris.ly/tip-2-accelerate


Checked 160 installs across 159 packages (no changes) [2.02s]
Starting Cloud Studio...
Cloud Studio starting on http://0.0.0.0:3001
Cloud Studio is running at http://0.0.0.0:3001
Prisma Client connected
+ exec gosu vibecode scripts/studio
Starting in development mode...
Installing dependencies...
[0.04ms] ".env"
bun install v1.2.19 (aad3abea)

$ prisma generate
Environment variables loaded from .env
Prisma schema loaded from prisma/schema.prisma

✔ Generated Prisma Client (v6.17.1) to ./generated/prisma in 332ms

Start by importing your Prisma Client (See: https://pris.ly/d/importing-client)

Tip: Interested in query caching in just a few lines of code? Try Accelerate today! https://pris.ly/tip-3-accelerate


Checked 160 installs across 159 packages (no changes) [1.60s]
Starting Cloud Studio...
Cloud Studio starting on http://0.0.0.0:3001
Cloud Studio is running at http://0.0.0.0:3001
Prisma Client connected
+ exec gosu vibecode scripts/studio
Starting in development mode...
Installing dependencies...
[0.49ms] ".env"
bun install v1.2.19 (aad3abea)

$ prisma generate
Environment variables loaded from .env
Prisma schema loaded from prisma/schema.prisma

✔ Generated Prisma Client (v6.17.1) to ./generated/prisma in 282ms

Start by importing your Prisma Client (See: https://pris.ly/d/importing-client)

Tip: Interested in query caching in just a few lines of code? Try Accelerate today! https://pris.ly/tip-3-accelerate


Checked 160 installs across 159 packages (no changes) [1.99s]
Starting Cloud Studio...
Cloud Studio starting on http://0.0.0.0:3001
Cloud Studio is running at http://0.0.0.0:3001
Prisma Client connected
+ exec gosu vibecode scripts/studio
Starting in development mode...
Installing dependencies...
[0.04ms] ".env"
bun install v1.2.19 (aad3abea)

$ prisma generate
Environment variables loaded from .env
Prisma schema loaded from prisma/schema.prisma

✔ Generated Prisma Client (v6.17.1) to ./generated/prisma in 249ms

Start by importing your Prisma Client (See: https://pris.ly/d/importing-client)

Tip: Interested in query caching in just a few lines of code? Try Accelerate today! https://pris.ly/tip-3-accelerate


Checked 160 installs across 159 packages (no changes) [2.31s]
Starting Cloud Studio...
Cloud Studio starting on http://0.0.0.0:3001
Cloud Studio is running at http://0.0.0.0:3001
Prisma Client connected
+ exec gosu vibecode scripts/studio
Starting in development mode...
Installing dependencies...
[0.04ms] ".env"
bun install v1.2.19 (aad3abea)

$ prisma generate
Environment variables loaded from .env
Prisma schema loaded from prisma/schema.prisma

✔ Generated Prisma Client (v6.17.1) to ./generated/prisma in 587ms

Start by importing your Prisma Client (See: https://pris.ly/d/importing-client)

Tip: Need your database queries to be 1000x faster? Accelerate offers you that and more: https://pris.ly/tip-2-accelerate


Checked 160 installs across 159 packages (no changes) [2.66s]
Starting Cloud Studio...
Cloud Studio starting on http://0.0.0.0:3001
Cloud Studio is running at http://0.0.0.0:3001
Prisma Client connected
+ exec gosu vibecode scripts/studio
Starting in development mode...
Installing dependencies...
[0.04ms] ".env"
bun install v1.2.19 (aad3abea)

$ prisma generate
Environment variables loaded from .env
Prisma schema loaded from prisma/schema.prisma
┌─────────────────────────────────────────────────────────┐
│  Update available 6.17.1 -> 7.8.0                       │
│                                                         │
│  This is a major update - please follow the guide at    │
│  https://pris.ly/d/major-version-upgrade                │
│                                                         │
│  Run the following to update                            │
│    npm i --save-dev prisma@latest                       │
│    npm i @prisma/client@latest                          │
└─────────────────────────────────────────────────────────┘

✔ Generated Prisma Client (v6.17.1) to ./generated/prisma in 149ms

Start by importing your Prisma Client (See: https://pris.ly/d/importing-client)

Tip: Want to turn off tips and other hints? https://pris.ly/tip-4-nohints


+ @types/bun@1.2.23
+ prisma@6.17.1
+ @better-auth/expo@1.4.7
+ @hono/node-server@1.12.0
+ @hono/zod-validator@0.7.3
+ @prisma/adapter-better-sqlite3@6.17.1
+ @prisma/client@6.17.1
+ @vibecodeapp/backend-sdk@1.0.1
+ @vibecodeapp/cloud-studio@0.2.4
+ @vibecodeapp/proxy@2.0.3
+ better-auth@1.4.7
+ hono@4.6.0
+ zod@4.1.11
+ typescript@5.8.3

158 packages installed [6.04s]
Starting Cloud Studio...
Cloud Studio starting on http://0.0.0.0:3001
Cloud Studio is running at http://0.0.0.0:3001
Prisma Client connected
